[14-Feb-2023 04:09:10 UTC] PHP Warning:  Undefined array key "CURRENT_DIR" in /Applications/MAMP/htdocs/FastBlog/index.php on line 14
[14-Feb-2023 04:09:10 UTC] PHP Warning:  Undefined array key "JS" in /Applications/MAMP/htdocs/FastBlog/class/Controller.php on line 24
[14-Feb-2023 04:09:10 UTC] PHP Warning:  Undefined array key "IMG" in /Applications/MAMP/htdocs/FastBlog/class/Model.php on line 17
[14-Feb-2023 04:09:10 UTC] PHP Warning:  Undefined array key "IMG" in /Applications/MAMP/htdocs/FastBlog/class/Model.php on line 18
[14-Feb-2023 04:09:10 UTC] PHP Warning:  Undefined array key "IMG" in /Applications/MAMP/htdocs/FastBlog/class/Model.php on line 19
[14-Feb-2023 04:09:10 UTC] PHP Warning:  Undefined array key "IMG" in /Applications/MAMP/htdocs/FastBlog/class/Model.php on line 17
[14-Feb-2023 04:09:10 UTC] PHP Warning:  Undefined array key "IMG" in /Applications/MAMP/htdocs/FastBlog/class/Model.php on line 18
[14-Feb-2023 04:09:10 UTC] PHP Warning:  Undefined array key "IMG" in /Applications/MAMP/htdocs/FastBlog/class/Model.php on line 19
[14-Feb-2023 04:09:10 UTC] PHP Warning:  Undefined array key "JS" in /Applications/MAMP/htdocs/FastBlog/class/View.php on line 99
[14-Feb-2023 04:09:10 UTC] PHP Warning:  Undefined array key "ASYNC" in /Applications/MAMP/htdocs/FastBlog/class/View.php on line 99
[14-Feb-2023 04:09:10 UTC] PHP Warning:  Undefined array key "IMG" in /Applications/MAMP/htdocs/FastBlog/class/View.php on line 99
[14-Feb-2023 04:09:10 UTC] PHP Warning:  Undefined array key "JS" in /Applications/MAMP/htdocs/FastBlog/class/View.php on line 100
[14-Feb-2023 04:09:10 UTC] PHP Warning:  Undefined array key "JS" in /Applications/MAMP/htdocs/FastBlog/class/View.php on line 101
[14-Feb-2023 04:09:10 UTC] PHP Warning:  Undefined array key "CSS" in /Applications/MAMP/htdocs/FastBlog/class/View.php on line 105
[14-Feb-2023 04:09:10 UTC] PHP Warning:  Undefined array key "CSS" in /Applications/MAMP/htdocs/FastBlog/class/View.php on line 106
[14-Feb-2023 04:09:10 UTC] PHP Warning:  Undefined array key "IMG" in /Applications/MAMP/htdocs/FastBlog/class/View.php on line 483
[14-Feb-2023 04:09:10 UTC] PHP Warning:  Undefined array key "JS" in /Applications/MAMP/htdocs/FastBlog/class/View.php on line 99
[14-Feb-2023 04:09:10 UTC] PHP Warning:  Undefined array key "ASYNC" in /Applications/MAMP/htdocs/FastBlog/class/View.php on line 99
[14-Feb-2023 04:09:10 UTC] PHP Warning:  Undefined array key "IMG" in /Applications/MAMP/htdocs/FastBlog/class/View.php on line 99
[14-Feb-2023 04:09:10 UTC] PHP Warning:  Undefined array key "JS" in /Applications/MAMP/htdocs/FastBlog/class/View.php on line 100
[14-Feb-2023 04:09:10 UTC] PHP Warning:  Undefined array key "JS" in /Applications/MAMP/htdocs/FastBlog/class/View.php on line 101
[14-Feb-2023 04:09:10 UTC] PHP Warning:  Undefined array key "CSS" in /Applications/MAMP/htdocs/FastBlog/class/View.php on line 105
[14-Feb-2023 04:09:10 UTC] PHP Warning:  Undefined array key "CSS" in /Applications/MAMP/htdocs/FastBlog/class/View.php on line 106
[14-Feb-2023 04:09:10 UTC] PHP Warning:  Undefined array key "IMG" in /Applications/MAMP/htdocs/FastBlog/class/View.php on line 483
